Unknown argument: --nodes
Unknown argument: 2
Unknown argument: --nodes
Unknown argument: 2
Unknown argument: --nodes
Unknown argument: 2
Unknown argument: --nodes
Unknown argument: 2
Unknown argument: --nodes
Unknown argument: 2
Unknown argument: --nodes
Unknown argument: 2
Unknown argument: --nodes
Unknown argument: 2
Unknown argument: --nodes
Unknown argument: 2
=== HMC SU(3) MPI/CPU (Tianhe) ===
MPI ranks: 16, OMP threads: 8
=== SimParams ===
Lattice: 16x16x16x32
Beta: 6
Traj len: 0.2, MD steps: 40
Thermal: 1000, Samples: 1000
Smearing: flow (eps=0.04, t_max=2)
Wilson loop: r_max=16 (=Ls), t_max=32
OMP threads: 8 (per node)
Seed: 42
Output: ./results/T32_S16/beta6.0/flow
=================
Unknown argument: --nodes
Unknown argument: 2
Unknown argument: --nodes
Unknown argument: 2
Unknown argument: --nodes
Unknown argument: 2
Unknown argument: --nodes
Unknown argument: 2
Unknown argument: --nodes
Unknown argument: 2
Unknown argument: --nodes
Unknown argument: 2
Unknown argument: --nodes
Unknown argument: 2
Unknown argument: --nodes
Unknown argument: 2

--- Thermalizing (1000 steps) ---
  [HMC debug] H_old=6712543.584553 H_new=6712530.887598 dH=-12.696955
  [HMC debug] H_old=6637063.319413 H_new=6637057.727183 dH=-5.592230
  [HMC debug] H_old=6487035.339386 H_new=6487029.967702 dH=-5.371684
  [HMC debug] H_old=6346129.769515 H_new=6346124.739689 dH=-5.029827
  [HMC debug] H_old=6220606.225925 H_new=6220601.621300 dH=-4.604625
  Thermal    20  plaq=0.33850  acc=100.0%
  Thermal    40  plaq=0.41294  acc=100.0%
  Thermal    60  plaq=0.44816  acc=100.0%
  Thermal    80  plaq=0.47167  acc=100.0%
  Thermal   100  plaq=0.48876  acc=100.0%
  Thermal   120  plaq=0.50307  acc=100.0%
  Thermal   140  plaq=0.51298  acc=99.3%
  Thermal   160  plaq=0.52322  acc=99.4%
  Thermal   180  plaq=0.53102  acc=99.4%
  Thermal   200  plaq=0.53794  acc=99.5%
  Thermal   220  plaq=0.54340  acc=99.5%
  Thermal   240  plaq=0.54891  acc=99.6%
  Thermal   260  plaq=0.55288  acc=99.6%
  Thermal   280  plaq=0.55701  acc=99.6%
  Thermal   300  plaq=0.56142  acc=99.7%
  Thermal   320  plaq=0.56370  acc=99.4%
  Thermal   340  plaq=0.56641  acc=99.1%
  Thermal   360  plaq=0.56899  acc=99.2%
  Thermal   380  plaq=0.57139  acc=99.2%
  Thermal   400  plaq=0.57332  acc=99.2%
  Thermal   420  plaq=0.57502  acc=99.3%
  Thermal   440  plaq=0.57646  acc=99.1%
  Thermal   460  plaq=0.57781  acc=98.9%
  Thermal   480  plaq=0.57921  acc=99.0%
  Thermal   500  plaq=0.57955  acc=98.8%
  Thermal   520  plaq=0.58149  acc=98.8%
  Thermal   540  plaq=0.58197  acc=98.9%
  Thermal   560  plaq=0.58249  acc=98.9%
  Thermal   580  plaq=0.58322  acc=99.0%
  Thermal   600  plaq=0.58387  acc=99.0%
  Thermal   620  plaq=0.58451  acc=98.9%
  Thermal   640  plaq=0.58476  acc=98.9%
  Thermal   660  plaq=0.58600  acc=98.9%
  Thermal   680  plaq=0.58599  acc=99.0%
  Thermal   700  plaq=0.58657  acc=99.0%
  Thermal   720  plaq=0.58688  acc=98.9%
  Thermal   740  plaq=0.58748  acc=98.9%
  Thermal   760  plaq=0.58719  acc=98.9%
  Thermal   780  plaq=0.58790  acc=99.0%
  Thermal   800  plaq=0.58832  acc=99.0%
  Thermal   820  plaq=0.58783  acc=99.0%
  Thermal   840  plaq=0.58890  acc=99.0%
  Thermal   860  plaq=0.58837  acc=98.8%
  Thermal   880  plaq=0.58961  acc=98.9%
  Thermal   900  plaq=0.58944  acc=98.9%
  Thermal   920  plaq=0.58924  acc=98.9%
  Thermal   940  plaq=0.59012  acc=98.9%
  Thermal   960  plaq=0.58974  acc=99.0%
  Thermal   980  plaq=0.59038  acc=98.9%
  Thermal  1000  plaq=0.59082  acc=98.9%

--- Production (1000 samples) ---
